mode: set
simonwaldherr.de/go/golibs/ansi/ansi.go:63.52,65.33 2 1
simonwaldherr.de/go/golibs/ansi/ansi.go:68.2,68.13 1 1
simonwaldherr.de/go/golibs/ansi/ansi.go:65.33,67.3 1 1
simonwaldherr.de/go/golibs/ansi/ansi.go:72.45,74.2 1 1
simonwaldherr.de/go/golibs/ansi/ansi.go:77.47,79.2 1 1
simonwaldherr.de/go/golibs/ansi/ansi.go:82.35,84.2 1 1
simonwaldherr.de/go/golibs/ansi/ansi.go:87.40,89.2 1 1
simonwaldherr.de/go/golibs/ansi/ansi.go:92.45,93.22 1 1
simonwaldherr.de/go/golibs/ansi/ansi.go:97.2,97.18 1 1
simonwaldherr.de/go/golibs/ansi/ansi.go:93.22,95.3 1 1
simonwaldherr.de/go/golibs/arg/arg.go:25.70,34.2 1 1
simonwaldherr.de/go/golibs/arg/arg.go:36.73,46.2 2 0
simonwaldherr.de/go/golibs/arg/arg.go:48.14,53.25 3 1
simonwaldherr.de/go/golibs/arg/arg.go:53.25,54.34 1 1
simonwaldherr.de/go/golibs/arg/arg.go:77.3,77.20 1 1
simonwaldherr.de/go/golibs/arg/arg.go:54.34,56.4 1 0
simonwaldherr.de/go/golibs/arg/arg.go:56.9,56.112 1 1
simonwaldherr.de/go/golibs/arg/arg.go:56.112,60.14 4 1
simonwaldherr.de/go/golibs/arg/arg.go:66.4,66.11 1 1
simonwaldherr.de/go/golibs/arg/arg.go:60.14,61.18 1 1
simonwaldherr.de/go/golibs/arg/arg.go:64.5,64.25 1 1
simonwaldherr.de/go/golibs/arg/arg.go:61.18,63.6 1 1
simonwaldherr.de/go/golibs/arg/arg.go:67.14,68.27 1 1
simonwaldherr.de/go/golibs/arg/arg.go:69.42,70.36 1 0
simonwaldherr.de/go/golibs/arg/arg.go:72.9,72.70 1 0
simonwaldherr.de/go/golibs/arg/arg.go:72.70,74.4 1 0
simonwaldherr.de/go/golibs/arg/arg.go:74.9,76.4 1 0
simonwaldherr.de/go/golibs/arg/arg.go:81.35,83.2 1 1
simonwaldherr.de/go/golibs/arg/arg.go:85.20,87.2 1 1
simonwaldherr.de/go/golibs/as/as.go:131.39,133.20 2 1
simonwaldherr.de/go/golibs/as/as.go:136.2,137.10 2 1
simonwaldherr.de/go/golibs/as/as.go:133.20,135.3 1 1
simonwaldherr.de/go/golibs/as/as.go:141.42,143.18 2 1
simonwaldherr.de/go/golibs/as/as.go:147.2,147.29 1 1
simonwaldherr.de/go/golibs/as/as.go:143.18,145.3 1 1
simonwaldherr.de/go/golibs/as/as.go:148.12,149.18 1 1
simonwaldherr.de/go/golibs/as/as.go:152.3,152.25 1 1
simonwaldherr.de/go/golibs/as/as.go:153.14,154.21 1 1
simonwaldherr.de/go/golibs/as/as.go:155.14,156.13 1 1
simonwaldherr.de/go/golibs/as/as.go:157.10,158.42 1 1
simonwaldherr.de/go/golibs/as/as.go:149.18,151.4 1 1
simonwaldherr.de/go/golibs/as/as.go:164.52,166.22 2 1
simonwaldherr.de/go/golibs/as/as.go:167.38,168.35 1 1
simonwaldherr.de/go/golibs/as/as.go:169.43,170.35 1 1
simonwaldherr.de/go/golibs/as/as.go:171.24,172.35 1 1
simonwaldherr.de/go/golibs/as/as.go:173.10,175.13 2 1
simonwaldherr.de/go/golibs/as/as.go:180.69,183.11 3 1
simonwaldherr.de/go/golibs/as/as.go:186.2,186.12 1 1
simonwaldherr.de/go/golibs/as/as.go:189.2,189.21 1 1
simonwaldherr.de/go/golibs/as/as.go:183.11,185.3 1 1
simonwaldherr.de/go/golibs/as/as.go:186.12,188.3 1 1
simonwaldherr.de/go/golibs/as/as.go:193.70,196.11 3 1
simonwaldherr.de/go/golibs/as/as.go:199.2,199.12 1 1
simonwaldherr.de/go/golibs/as/as.go:202.2,202.21 1 1
simonwaldherr.de/go/golibs/as/as.go:196.11,198.3 1 1
simonwaldherr.de/go/golibs/as/as.go:199.12,201.3 1 1
simonwaldherr.de/go/golibs/as/as.go:206.70,209.11 3 1
simonwaldherr.de/go/golibs/as/as.go:217.2,217.12 1 1
simonwaldherr.de/go/golibs/as/as.go:220.2,220.21 1 1
simonwaldherr.de/go/golibs/as/as.go:209.11,210.15 1 1
simonwaldherr.de/go/golibs/as/as.go:214.3,215.71 2 1
simonwaldherr.de/go/golibs/as/as.go:210.15,213.4 2 1
simonwaldherr.de/go/golibs/as/as.go:217.12,219.3 1 1
simonwaldherr.de/go/golibs/as/as.go:227.43,229.29 2 1
simonwaldherr.de/go/golibs/as/as.go:230.11,231.22 1 1
simonwaldherr.de/go/golibs/as/as.go:232.12,233.22 1 1
simonwaldherr.de/go/golibs/as/as.go:234.13,235.22 1 1
simonwaldherr.de/go/golibs/as/as.go:236.13,237.22 1 1
simonwaldherr.de/go/golibs/as/as.go:238.13,239.22 1 1
simonwaldherr.de/go/golibs/as/as.go:240.12,241.22 1 1
simonwaldherr.de/go/golibs/as/as.go:242.13,243.22 1 1
simonwaldherr.de/go/golibs/as/as.go:244.14,245.22 1 1
simonwaldherr.de/go/golibs/as/as.go:246.14,247.22 1 1
simonwaldherr.de/go/golibs/as/as.go:248.14,249.22 1 1
simonwaldherr.de/go/golibs/as/as.go:250.15,251.22 1 1
simonwaldherr.de/go/golibs/as/as.go:252.15,253.22 1 1
simonwaldherr.de/go/golibs/as/as.go:254.17,255.29 1 1
simonwaldherr.de/go/golibs/as/as.go:256.12,257.18 1 1
simonwaldherr.de/go/golibs/as/as.go:260.3,260.20 1 1
simonwaldherr.de/go/golibs/as/as.go:261.10,263.20 2 1
simonwaldherr.de/go/golibs/as/as.go:257.18,259.4 1 1
simonwaldherr.de/go/golibs/as/as.go:271.49,279.22 8 1
simonwaldherr.de/go/golibs/as/as.go:306.2,306.23 1 1
simonwaldherr.de/go/golibs/as/as.go:279.22,281.3 1 1
simonwaldherr.de/go/golibs/as/as.go:281.8,281.29 1 1
simonwaldherr.de/go/golibs/as/as.go:281.29,284.3 2 1
simonwaldherr.de/go/golibs/as/as.go:284.8,284.29 1 1
simonwaldherr.de/go/golibs/as/as.go:284.29,287.3 2 1
simonwaldherr.de/go/golibs/as/as.go:287.8,287.27 1 1
simonwaldherr.de/go/golibs/as/as.go:287.27,290.3 2 1
simonwaldherr.de/go/golibs/as/as.go:290.8,290.27 1 1
simonwaldherr.de/go/golibs/as/as.go:290.27,294.3 3 1
simonwaldherr.de/go/golibs/as/as.go:294.8,294.29 1 1
simonwaldherr.de/go/golibs/as/as.go:294.29,295.14 1 1
simonwaldherr.de/go/golibs/as/as.go:301.3,301.43 1 1
simonwaldherr.de/go/golibs/as/as.go:295.14,298.4 2 1
simonwaldherr.de/go/golibs/as/as.go:298.9,300.4 1 1
simonwaldherr.de/go/golibs/as/as.go:302.8,305.3 2 1
simonwaldherr.de/go/golibs/as/as.go:313.39,315.29 2 1
simonwaldherr.de/go/golibs/as/as.go:316.11,317.20 1 1
simonwaldherr.de/go/golibs/as/as.go:318.12,319.20 1 1
simonwaldherr.de/go/golibs/as/as.go:320.13,321.20 1 1
simonwaldherr.de/go/golibs/as/as.go:322.13,323.20 1 1
simonwaldherr.de/go/golibs/as/as.go:324.13,325.20 1 1
simonwaldherr.de/go/golibs/as/as.go:326.12,327.20 1 1
simonwaldherr.de/go/golibs/as/as.go:328.13,329.20 1 1
simonwaldherr.de/go/golibs/as/as.go:330.14,331.20 1 1
simonwaldherr.de/go/golibs/as/as.go:332.14,333.20 1 1
simonwaldherr.de/go/golibs/as/as.go:334.14,335.20 1 1
simonwaldherr.de/go/golibs/as/as.go:336.15,337.26 1 1
simonwaldherr.de/go/golibs/as/as.go:338.15,339.26 1 1
simonwaldherr.de/go/golibs/as/as.go:340.17,341.27 1 1
simonwaldherr.de/go/golibs/as/as.go:342.12,343.18 1 1
simonwaldherr.de/go/golibs/as/as.go:346.3,346.18 1 1
simonwaldherr.de/go/golibs/as/as.go:347.10,349.24 2 1
simonwaldherr.de/go/golibs/as/as.go:343.18,345.4 1 1
simonwaldherr.de/go/golibs/as/as.go:356.43,358.18 2 1
simonwaldherr.de/go/golibs/as/as.go:362.2,362.29 1 1
simonwaldherr.de/go/golibs/as/as.go:358.18,360.3 1 1
simonwaldherr.de/go/golibs/as/as.go:363.12,364.27 1 1
simonwaldherr.de/go/golibs/as/as.go:367.3,367.17 1 1
simonwaldherr.de/go/golibs/as/as.go:368.21,369.30 1 1
simonwaldherr.de/go/golibs/as/as.go:370.17,371.42 1 1
simonwaldherr.de/go/golibs/as/as.go:372.14,373.13 1 1
simonwaldherr.de/go/golibs/as/as.go:374.14,375.21 1 1
simonwaldherr.de/go/golibs/as/as.go:376.10,377.32 1 1
simonwaldherr.de/go/golibs/as/as.go:364.27,366.4 1 1
simonwaldherr.de/go/golibs/as/as.go:383.44,386.37 3 1
simonwaldherr.de/go/golibs/as/as.go:392.2,392.20 1 1
simonwaldherr.de/go/golibs/as/as.go:386.37,388.17 2 1
simonwaldherr.de/go/golibs/as/as.go:388.17,390.4 1 1
simonwaldherr.de/go/golibs/as/as.go:397.44,400.2 2 1
simonwaldherr.de/go/golibs/as/as.go:406.41,408.29 2 1
simonwaldherr.de/go/golibs/as/as.go:409.11,410.21 1 1
simonwaldherr.de/go/golibs/as/as.go:411.12,412.21 1 1
simonwaldherr.de/go/golibs/as/as.go:413.13,414.21 1 1
simonwaldherr.de/go/golibs/as/as.go:415.13,416.21 1 1
simonwaldherr.de/go/golibs/as/as.go:417.13,418.21 1 1
simonwaldherr.de/go/golibs/as/as.go:419.12,420.21 1 1
simonwaldherr.de/go/golibs/as/as.go:421.13,422.21 1 1
simonwaldherr.de/go/golibs/as/as.go:423.14,424.21 1 1
simonwaldherr.de/go/golibs/as/as.go:425.14,426.21 1 1
simonwaldherr.de/go/golibs/as/as.go:427.14,428.21 1 1
simonwaldherr.de/go/golibs/as/as.go:429.15,430.27 1 1
simonwaldherr.de/go/golibs/as/as.go:431.15,432.27 1 1
simonwaldherr.de/go/golibs/as/as.go:433.17,434.28 1 1
simonwaldherr.de/go/golibs/as/as.go:435.12,436.18 1 1
simonwaldherr.de/go/golibs/as/as.go:439.3,439.19 1 1
simonwaldherr.de/go/golibs/as/as.go:440.10,442.25 2 1
simonwaldherr.de/go/golibs/as/as.go:436.18,438.4 1 1
simonwaldherr.de/go/golibs/as/as.go:447.50,450.25 3 1
simonwaldherr.de/go/golibs/as/as.go:453.2,453.26 1 1
simonwaldherr.de/go/golibs/as/as.go:462.2,462.16 1 1
simonwaldherr.de/go/golibs/as/as.go:450.25,452.3 1 1
simonwaldherr.de/go/golibs/as/as.go:453.26,456.62 3 1
simonwaldherr.de/go/golibs/as/as.go:456.62,459.4 1 1
simonwaldherr.de/go/golibs/as/as.go:466.32,468.16 2 1
simonwaldherr.de/go/golibs/as/as.go:471.2,471.11 1 1
simonwaldherr.de/go/golibs/as/as.go:468.16,470.3 1 0
simonwaldherr.de/go/golibs/as/as.go:472.40,473.11 1 1
simonwaldherr.de/go/golibs/as/as.go:474.10,475.18 1 1
simonwaldherr.de/go/golibs/as/as.go:480.42,482.26 2 1
simonwaldherr.de/go/golibs/as/as.go:491.2,491.27 1 1
simonwaldherr.de/go/golibs/as/as.go:482.26,483.27 1 1
simonwaldherr.de/go/golibs/as/as.go:483.27,484.20 1 1
simonwaldherr.de/go/golibs/as/as.go:484.20,485.20 1 1
simonwaldherr.de/go/golibs/as/as.go:485.20,487.6 1 1
simonwaldherr.de/go/golibs/as/json.go:10.46,12.2 1 0
simonwaldherr.de/go/golibs/as/json.go:15.49,18.16 3 1
simonwaldherr.de/go/golibs/as/json.go:24.2,25.12 2 1
simonwaldherr.de/go/golibs/as/json.go:18.16,20.3 1 1
simonwaldherr.de/go/golibs/as/json.go:20.8,22.3 1 1
simonwaldherr.de/go/golibs/as/json.go:29.51,32.16 3 1
simonwaldherr.de/go/golibs/as/json.go:36.2,38.18 2 1
simonwaldherr.de/go/golibs/as/json.go:45.2,46.12 2 1
simonwaldherr.de/go/golibs/as/json.go:32.16,34.3 1 0
simonwaldherr.de/go/golibs/as/json.go:39.14,40.23 1 1
simonwaldherr.de/go/golibs/as/json.go:41.10,42.17 1 1
simonwaldherr.de/go/golibs/bitmask/bitmask.go:9.29,11.2 1 1
simonwaldherr.de/go/golibs/bitmask/bitmask.go:13.39,16.2 2 1
simonwaldherr.de/go/golibs/bitmask/bitmask.go:18.41,22.2 3 1
simonwaldherr.de/go/golibs/bitmask/bitmask.go:24.46,25.17 1 1
simonwaldherr.de/go/golibs/bitmask/bitmask.go:28.2,28.24 1 1
simonwaldherr.de/go/golibs/bitmask/bitmask.go:25.17,27.3 1 1
simonwaldherr.de/go/golibs/bitmask/bitmask.go:31.40,33.2 1 1
simonwaldherr.de/go/golibs/bitmask/bitmask.go:35.37,37.2 1 1
simonwaldherr.de/go/golibs/bitmask/bitmask.go:39.29,41.2 1 0
simonwaldherr.de/go/golibs/bitmask/bitmask.go:43.35,45.2 1 1
simonwaldherr.de/go/golibs/bitmask/bitmask.go:47.33,49.2 1 1
simonwaldherr.de/go/golibs/cache/cache.go:23.36,24.30 1 1
simonwaldherr.de/go/golibs/cache/cache.go:27.2,27.43 1 1
simonwaldherr.de/go/golibs/cache/cache.go:24.30,26.3 1 0
simonwaldherr.de/go/golibs/cache/cache.go:38.47,46.29 5 1
simonwaldherr.de/go/golibs/cache/cache.go:49.2,49.38 1 1
simonwaldherr.de/go/golibs/cache/cache.go:52.2,52.12 1 1
simonwaldherr.de/go/golibs/cache/cache.go:46.29,48.3 1 1
simonwaldherr.de/go/golibs/cache/cache.go:49.38,51.3 1 1
simonwaldherr.de/go/golibs/cache/cache.go:56.47,60.39 3 1
simonwaldherr.de/go/golibs/cache/cache.go:64.2,64.22 1 1
simonwaldherr.de/go/golibs/cache/cache.go:67.2,67.12 1 1
simonwaldherr.de/go/golibs/cache/cache.go:60.39,62.3 1 1
simonwaldherr.de/go/golibs/cache/cache.go:64.22,66.3 1 1
simonwaldherr.de/go/golibs/cache/cache.go:71.37,78.29 5 1
simonwaldherr.de/go/golibs/cache/cache.go:81.2,83.25 2 1
simonwaldherr.de/go/golibs/cache/cache.go:87.2,87.12 1 1
simonwaldherr.de/go/golibs/cache/cache.go:78.29,80.3 1 1
simonwaldherr.de/go/golibs/cache/cache.go:83.25,85.3 1 1
simonwaldherr.de/go/golibs/cache/cache.go:91.56,100.2 3 1
simonwaldherr.de/go/golibs/cache/cache.go:103.112,112.2 3 1
simonwaldherr.de/go/golibs/cache/cache.go:115.48,117.2 1 1
simonwaldherr.de/go/golibs/cache/cache.go:120.49,125.29 4 1
simonwaldherr.de/go/golibs/cache/cache.go:128.2,128.20 1 1
simonwaldherr.de/go/golibs/cache/cache.go:125.29,127.3 1 1
simonwaldherr.de/go/golibs/cache/cache.go:132.40,137.2 3 1
simonwaldherr.de/go/golibs/cache/cache.go:140.61,142.17 2 1
simonwaldherr.de/go/golibs/cache/cache.go:145.2,146.13 2 1
simonwaldherr.de/go/golibs/cache/cache.go:142.17,144.3 1 1
simonwaldherr.de/go/golibs/cache/cache.go:150.64,152.17 2 1
simonwaldherr.de/go/golibs/cache/cache.go:155.2,156.13 2 1
simonwaldherr.de/go/golibs/cache/cache.go:152.17,154.3 1 1
simonwaldherr.de/go/golibs/cache/cache.go:160.37,164.32 3 1
simonwaldherr.de/go/golibs/cache/cache.go:164.32,165.20 1 1
simonwaldherr.de/go/golibs/cache/cache.go:165.20,167.4 1 1
simonwaldherr.de/go/golibs/cache/cache.go:173.83,177.32 3 1
simonwaldherr.de/go/golibs/cache/cache.go:177.32,178.20 1 1
simonwaldherr.de/go/golibs/cache/cache.go:178.20,181.4 2 1
simonwaldherr.de/go/golibs/cache/cache.go:187.79,191.29 3 1
simonwaldherr.de/go/golibs/cache/cache.go:191.29,194.3 2 1
simonwaldherr.de/go/golibs/cache/cache.go:199.32,202.2 2 1
simonwaldherr.de/go/golibs/cache/cache.go:205.29,210.2 3 1
simonwaldherr.de/go/golibs/cache/cache.go:212.52,214.6 2 1
simonwaldherr.de/go/golibs/cache/cache.go:214.6,215.10 1 1
simonwaldherr.de/go/golibs/cache/cache.go:216.17,217.25 1 1
simonwaldherr.de/go/golibs/cache/cache.go:222.100,228.6 5 1
simonwaldherr.de/go/golibs/cache/cache.go:228.6,229.10 1 1
simonwaldherr.de/go/golibs/cache/cache.go:230.17,231.35 1 1
simonwaldherr.de/go/golibs/cache/cache.go:232.12,234.14 2 0
simonwaldherr.de/go/golibs/cache/cache.go:240.64,242.25 2 1
simonwaldherr.de/go/golibs/cache/cache.go:245.2,251.14 3 1
simonwaldherr.de/go/golibs/cache/cache.go:242.25,244.3 1 1
simonwaldherr.de/go/golibs/cache/cache.go:255.105,257.25 2 1
simonwaldherr.de/go/golibs/cache/cache.go:260.2,266.14 3 1
simonwaldherr.de/go/golibs/cache/cache.go:257.25,259.3 1 1
simonwaldherr.de/go/golibs/cachedfile/cfile.go:14.54,17.64 3 1
simonwaldherr.de/go/golibs/cachedfile/cfile.go:17.64,19.3 1 1
simonwaldherr.de/go/golibs/cachedfile/cfile.go:22.58,23.23 1 1
simonwaldherr.de/go/golibs/cachedfile/cfile.go:26.2,27.70 2 1
simonwaldherr.de/go/golibs/cachedfile/cfile.go:23.23,25.3 1 1
simonwaldherr.de/go/golibs/cachedfile/cfile.go:30.44,31.24 1 1
simonwaldherr.de/go/golibs/cachedfile/cfile.go:35.2,38.16 4 1
simonwaldherr.de/go/golibs/cachedfile/cfile.go:41.2,41.52 1 1
simonwaldherr.de/go/golibs/cachedfile/cfile.go:54.2,54.18 1 1
simonwaldherr.de/go/golibs/cachedfile/cfile.go:31.24,34.3 2 1
simonwaldherr.de/go/golibs/cachedfile/cfile.go:38.16,40.3 1 1
simonwaldherr.de/go/golibs/cachedfile/cfile.go:41.52,42.50 1 1
simonwaldherr.de/go/golibs/cachedfile/cfile.go:45.3,46.17 2 1
simonwaldherr.de/go/golibs/cachedfile/cfile.go:49.3,50.61 2 1
simonwaldherr.de/go/golibs/cachedfile/cfile.go:42.50,44.4 1 1
simonwaldherr.de/go/golibs/cachedfile/cfile.go:46.17,48.4 1 0
simonwaldherr.de/go/golibs/cachedfile/cfile.go:51.8,53.3 1 1
simonwaldherr.de/go/golibs/cachedfile/cfile.go:57.53,58.24 1 1
simonwaldherr.de/go/golibs/cachedfile/cfile.go:62.2,65.16 4 1
simonwaldherr.de/go/golibs/cachedfile/cfile.go:68.2,68.12 1 1
simonwaldherr.de/go/golibs/cachedfile/cfile.go:77.2,77.12 1 1
simonwaldherr.de/go/golibs/cachedfile/cfile.go:58.24,61.3 2 1
simonwaldherr.de/go/golibs/cachedfile/cfile.go:65.16,67.3 1 1
simonwaldherr.de/go/golibs/cachedfile/cfile.go:68.12,70.17 2 1
simonwaldherr.de/go/golibs/cachedfile/cfile.go:73.3,73.36 1 1
simonwaldherr.de/go/golibs/cachedfile/cfile.go:70.17,72.4 1 0
simonwaldherr.de/go/golibs/cachedfile/cfile.go:74.8,76.3 1 1
simonwaldherr.de/go/golibs/cachedfile/cfile.go:80.43,83.16 2 1
simonwaldherr.de/go/golibs/cachedfile/cfile.go:87.2,87.29 1 1
simonwaldherr.de/go/golibs/cachedfile/cfile.go:83.16,85.3 1 1
simonwaldherr.de/go/golibs/cachedfile/cfile.go:90.35,92.2 1 1
simonwaldherr.de/go/golibs/cachedfile/cfile.go:94.13,95.23 1 1
simonwaldherr.de/go/golibs/cachedfile/cfile.go:95.23,97.3 1 1
simonwaldherr.de/go/golibs/cachedfile/cfile.go:100.14,103.2 2 1
simonwaldherr.de/go/golibs/channel/channel.go:10.28,18.12 2 1
simonwaldherr.de/go/golibs/channel/channel.go:38.2,38.12 1 1
simonwaldherr.de/go/golibs/channel/channel.go:18.12,19.7 1 1
simonwaldherr.de/go/golibs/channel/channel.go:19.7,20.11 1 1
simonwaldherr.de/go/golibs/channel/channel.go:21.32,22.27 1 1
simonwaldherr.de/go/golibs/channel/channel.go:23.31,25.31 2 1
simonwaldherr.de/go/golibs/channel/channel.go:28.31,29.35 1 1
simonwaldherr.de/go/golibs/channel/channel.go:25.31,27.6 1 1
simonwaldherr.de/go/golibs/channel/channel.go:29.35,30.62 1 1
simonwaldherr.de/go/golibs/channel/channel.go:30.62,32.7 1 1
simonwaldherr.de/go/golibs/channel/channel.go:41.58,45.2 3 1
simonwaldherr.de/go/golibs/channel/channel.go:47.66,50.2 2 1
simonwaldherr.de/go/golibs/channel/channel.go:52.47,54.2 1 1
simonwaldherr.de/go/golibs/channel/channel.go:56.63,58.2 1 1
simonwaldherr.de/go/golibs/csv/csv.go:13.74,16.2 2 1
simonwaldherr.de/go/golibs/csv/csv.go:20.71,23.2 2 1
simonwaldherr.de/go/golibs/csv/csv.go:25.67,32.6 6 1
simonwaldherr.de/go/golibs/csv/csv.go:45.2,45.28 1 1
simonwaldherr.de/go/golibs/csv/csv.go:32.6,34.20 2 1
simonwaldherr.de/go/golibs/csv/csv.go:38.3,38.15 1 1
simonwaldherr.de/go/golibs/csv/csv.go:43.3,43.8 1 1
simonwaldherr.de/go/golibs/csv/csv.go:34.20,35.9 1 1
simonwaldherr.de/go/golibs/csv/csv.go:38.15,40.4 1 1
simonwaldherr.de/go/golibs/csv/csv.go:40.9,42.4 1 1
simonwaldherr.de/go/golibs/csv/csv.go:49.52,51.33 2 1
simonwaldherr.de/go/golibs/csv/csv.go:54.2,54.13 1 1
simonwaldherr.de/go/golibs/csv/csv.go:51.33,53.3 1 1
simonwaldherr.de/go/golibs/file/file.go:16.42,17.22 1 1
simonwaldherr.de/go/golibs/file/file.go:22.2,22.14 1 1
simonwaldherr.de/go/golibs/file/file.go:17.22,18.13 1 1
simonwaldherr.de/go/golibs/file/file.go:18.13,20.4 1 1
simonwaldherr.de/go/golibs/file/file.go:25.29,26.39 1 1
simonwaldherr.de/go/golibs/file/file.go:29.2,29.14 1 1
simonwaldherr.de/go/golibs/file/file.go:26.39,28.3 1 1
simonwaldherr.de/go/golibs/file/file.go:32.28,34.16 2 1
simonwaldherr.de/go/golibs/file/file.go:37.2,37.18 1 1
simonwaldherr.de/go/golibs/file/file.go:40.2,40.14 1 1
simonwaldherr.de/go/golibs/file/file.go:34.16,36.3 1 1
simonwaldherr.de/go/golibs/file/file.go:37.18,39.3 1 1
simonwaldherr.de/go/golibs/file/file.go:43.29,45.16 2 1
simonwaldherr.de/go/golibs/file/file.go:48.2,48.29 1 1
simonwaldherr.de/go/golibs/file/file.go:51.2,51.14 1 1
simonwaldherr.de/go/golibs/file/file.go:45.16,47.3 1 1
simonwaldherr.de/go/golibs/file/file.go:48.29,50.3 1 1
simonwaldherr.de/go/golibs/file/file.go:54.37,56.2 1 1
simonwaldherr.de/go/golibs/file/file.go:58.32,60.16 2 1
simonwaldherr.de/go/golibs/file/file.go:63.2,63.24 1 1
simonwaldherr.de/go/golibs/file/file.go:60.16,62.3 1 1
simonwaldherr.de/go/golibs/file/file.go:66.38,74.16 5 1
simonwaldherr.de/go/golibs/file/file.go:77.2,79.45 2 1
simonwaldherr.de/go/golibs/file/file.go:83.2,84.15 2 1
simonwaldherr.de/go/golibs/file/file.go:74.16,76.3 1 1
simonwaldherr.de/go/golibs/file/file.go:79.45,81.3 1 0
simonwaldherr.de/go/golibs/file/file.go:87.72,92.16 3 1
simonwaldherr.de/go/golibs/file/file.go:96.2,103.21 6 1
simonwaldherr.de/go/golibs/file/file.go:111.2,111.26 1 1
simonwaldherr.de/go/golibs/file/file.go:92.16,94.3 1 1
simonwaldherr.de/go/golibs/file/file.go:103.21,105.28 2 1
simonwaldherr.de/go/golibs/file/file.go:108.3,109.8 2 1
simonwaldherr.de/go/golibs/file/file.go:105.28,107.4 1 1
simonwaldherr.de/go/golibs/file/file.go:114.94,119.16 3 1
simonwaldherr.de/go/golibs/file/file.go:123.2,132.21 8 1
simonwaldherr.de/go/golibs/file/file.go:142.2,142.17 1 1
simonwaldherr.de/go/golibs/file/file.go:119.16,121.3 1 1
simonwaldherr.de/go/golibs/file/file.go:132.21,134.28 2 1
simonwaldherr.de/go/golibs/file/file.go:139.3,140.8 2 1
simonwaldherr.de/go/golibs/file/file.go:134.28,138.4 3 1
simonwaldherr.de/go/golibs/file/file.go:145.47,149.12 3 1
simonwaldherr.de/go/golibs/file/file.go:155.2,155.16 1 1
simonwaldherr.de/go/golibs/file/file.go:158.2,160.48 2 1
simonwaldherr.de/go/golibs/file/file.go:164.2,164.35 1 1
simonwaldherr.de/go/golibs/file/file.go:167.2,167.12 1 1
simonwaldherr.de/go/golibs/file/file.go:149.12,151.3 1 1
simonwaldherr.de/go/golibs/file/file.go:151.8,153.3 1 1
simonwaldherr.de/go/golibs/file/file.go:155.16,157.3 1 1
simonwaldherr.de/go/golibs/file/file.go:160.48,162.3 1 0
simonwaldherr.de/go/golibs/file/file.go:164.35,166.3 1 0
simonwaldherr.de/go/golibs/file/file.go:170.37,175.16 3 1
simonwaldherr.de/go/golibs/file/file.go:179.2,181.16 2 1
simonwaldherr.de/go/golibs/file/file.go:185.2,185.23 1 1
simonwaldherr.de/go/golibs/file/file.go:175.16,177.3 1 1
simonwaldherr.de/go/golibs/file/file.go:181.16,183.3 1 0
simonwaldherr.de/go/golibs/file/file.go:188.29,190.2 1 1
simonwaldherr.de/go/golibs/file/file.go:192.36,195.16 2 1
simonwaldherr.de/go/golibs/file/file.go:198.2,198.12 1 1
simonwaldherr.de/go/golibs/file/file.go:195.16,197.3 1 1
simonwaldherr.de/go/golibs/file/file.go:201.34,203.16 2 1
simonwaldherr.de/go/golibs/file/file.go:206.2,209.16 3 1
simonwaldherr.de/go/golibs/file/file.go:212.2,215.16 3 1
simonwaldherr.de/go/golibs/file/file.go:218.2,218.12 1 1
simonwaldherr.de/go/golibs/file/file.go:203.16,205.3 1 0
simonwaldherr.de/go/golibs/file/file.go:209.16,211.3 1 0
simonwaldherr.de/go/golibs/file/file.go:215.16,217.3 1 0
simonwaldherr.de/go/golibs/file/file.go:221.30,224.16 2 1
simonwaldherr.de/go/golibs/file/file.go:227.2,227.12 1 1
simonwaldherr.de/go/golibs/file/file.go:224.16,226.3 1 1
simonwaldherr.de/go/golibs/file/file.go:230.43,233.16 3 1
simonwaldherr.de/go/golibs/file/file.go:236.2,237.16 2 1
simonwaldherr.de/go/golibs/file/file.go:240.2,240.26 1 1
simonwaldherr.de/go/golibs/file/file.go:243.2,243.19 1 1
simonwaldherr.de/go/golibs/file/file.go:233.16,235.3 1 0
simonwaldherr.de/go/golibs/file/file.go:237.16,239.3 1 0
simonwaldherr.de/go/golibs/file/file.go:240.26,242.3 1 1
simonwaldherr.de/go/golibs/file/file.go:246.102,251.16 3 1
simonwaldherr.de/go/golibs/file/file.go:254.2,256.16 2 1
simonwaldherr.de/go/golibs/file/file.go:259.2,259.26 1 1
simonwaldherr.de/go/golibs/file/file.go:272.2,272.12 1 1
simonwaldherr.de/go/golibs/file/file.go:251.16,253.3 1 1
simonwaldherr.de/go/golibs/file/file.go:256.16,258.3 1 0
simonwaldherr.de/go/golibs/file/file.go:259.26,265.25 6 1
simonwaldherr.de/go/golibs/file/file.go:265.25,267.18 2 1
simonwaldherr.de/go/golibs/file/file.go:267.18,269.5 1 0
simonwaldherr.de/go/golibs/file/file.go:277.26,278.49 1 1
simonwaldherr.de/go/golibs/file/file.go:286.2,287.26 2 1
simonwaldherr.de/go/golibs/file/file.go:278.49,280.17 2 1
simonwaldherr.de/go/golibs/file/file.go:283.3,284.14 2 1
simonwaldherr.de/go/golibs/file/file.go:280.17,282.4 1 1
simonwaldherr.de/go/golibs/file/file.go:290.37,293.2 2 1
simonwaldherr.de/go/golibs/file/file.go:295.26,296.19 1 1
simonwaldherr.de/go/golibs/file/file.go:299.2,299.16 1 1
simonwaldherr.de/go/golibs/file/file.go:296.19,298.3 1 1
simonwaldherr.de/go/golibs/file/file.go:302.71,303.33 1 1
simonwaldherr.de/go/golibs/file/file.go:306.2,306.66 1 1
simonwaldherr.de/go/golibs/file/file.go:303.33,305.3 1 0
simonwaldherr.de/go/golibs/file/file.go:309.51,311.11 2 1
simonwaldherr.de/go/golibs/file/file.go:314.2,314.26 1 1
simonwaldherr.de/go/golibs/file/file.go:311.11,313.3 1 1
simonwaldherr.de/go/golibs/file/file.go:319.49,321.16 2 1
simonwaldherr.de/go/golibs/file/file.go:324.2,324.39 1 1
simonwaldherr.de/go/golibs/file/file.go:321.16,323.3 1 0
simonwaldherr.de/go/golibs/file/file.go:329.54,332.2 2 0
simonwaldherr.de/go/golibs/file/file.go:334.67,335.18 1 1
simonwaldherr.de/go/golibs/file/file.go:339.2,339.31 1 1
simonwaldherr.de/go/golibs/file/file.go:347.2,352.24 5 1
simonwaldherr.de/go/golibs/file/file.go:394.2,394.61 1 1
simonwaldherr.de/go/golibs/file/file.go:397.2,397.26 1 1
simonwaldherr.de/go/golibs/file/file.go:335.18,337.3 1 1
simonwaldherr.de/go/golibs/file/file.go:339.31,340.19 1 1
simonwaldherr.de/go/golibs/file/file.go:340.19,342.4 1 1
simonwaldherr.de/go/golibs/file/file.go:342.9,344.4 1 1
simonwaldherr.de/go/golibs/file/file.go:352.24,356.20 3 1
simonwaldherr.de/go/golibs/file/file.go:356.20,359.4 2 1
simonwaldherr.de/go/golibs/file/file.go:359.9,359.44 1 1
simonwaldherr.de/go/golibs/file/file.go:359.44,360.27 1 1
simonwaldherr.de/go/golibs/file/file.go:363.4,363.32 1 1
simonwaldherr.de/go/golibs/file/file.go:360.27,362.5 1 1
simonwaldherr.de/go/golibs/file/file.go:364.9,364.61 1 1
simonwaldherr.de/go/golibs/file/file.go:364.61,369.4 4 1
simonwaldherr.de/go/golibs/file/file.go:369.9,371.18 2 1
simonwaldherr.de/go/golibs/file/file.go:371.18,372.22 1 1
simonwaldherr.de/go/golibs/file/file.go:372.22,374.20 2 1
simonwaldherr.de/go/golibs/file/file.go:378.6,383.15 6 1
simonwaldherr.de/go/golibs/file/file.go:374.20,376.7 1 1
simonwaldherr.de/go/golibs/file/file.go:384.11,387.6 2 1
simonwaldherr.de/go/golibs/file/file.go:388.10,390.5 1 1
simonwaldherr.de/go/golibs/file/file.go:394.61,396.3 1 0
simonwaldherr.de/go/golibs/file/file_darwin.go:9.63,11.16 2 1
simonwaldherr.de/go/golibs/file/file_darwin.go:14.2,18.33 5 1
simonwaldherr.de/go/golibs/file/file_darwin.go:11.16,13.3 1 1
simonwaldherr.de/go/golibs/foreach/foreach.go:14.102,16.2 1 1
simonwaldherr.de/go/golibs/foreach/foreach.go:18.77,21.16 3 1
simonwaldherr.de/go/golibs/foreach/foreach.go:25.2,25.12 1 0
simonwaldherr.de/go/golibs/foreach/foreach.go:21.16,24.3 2 1
simonwaldherr.de/go/golibs/foreach/foreach.go:28.82,33.2 3 1
simonwaldherr.de/go/golibs/gopath/gopath.go:25.40,26.44 1 1
simonwaldherr.de/go/golibs/gopath/gopath.go:38.2,38.18 1 1
simonwaldherr.de/go/golibs/gopath/gopath.go:26.44,27.67 1 1
simonwaldherr.de/go/golibs/gopath/gopath.go:27.67,29.4 1 1
simonwaldherr.de/go/golibs/gopath/gopath.go:29.9,29.24 1 1
simonwaldherr.de/go/golibs/gopath/gopath.go:29.24,32.24 3 1
simonwaldherr.de/go/golibs/gopath/gopath.go:35.4,35.17 1 1
simonwaldherr.de/go/golibs/gopath/gopath.go:32.24,34.5 1 1
simonwaldherr.de/go/golibs/gopath/gopath.go:42.24,44.2 1 1
simonwaldherr.de/go/golibs/gopath/gopath.go:47.22,49.2 1 1
simonwaldherr.de/go/golibs/gopath/gopath.go:52.20,54.2 1 1
simonwaldherr.de/go/golibs/gopath/gopath.go:57.22,59.2 1 1
simonwaldherr.de/go/golibs/gopath/gopath.go:62.22,64.2 1 0
simonwaldherr.de/go/golibs/gopath/gopath.go:68.18,71.2 2 1
simonwaldherr.de/go/golibs/gopath/gopath.go:75.22,78.60 1 1
simonwaldherr.de/go/golibs/gopath/gopath.go:81.2,81.13 1 0
simonwaldherr.de/go/golibs/gopath/gopath.go:78.60,80.3 1 1
simonwaldherr.de/go/golibs/gopath/gopath.go:86.26,88.25 2 1
simonwaldherr.de/go/golibs/gopath/gopath.go:93.2,93.17 1 1
simonwaldherr.de/go/golibs/gopath/gopath.go:88.25,90.3 1 1
simonwaldherr.de/go/golibs/gopath/gopath.go:90.8,92.3 1 0
simonwaldherr.de/go/golibs/gopath/gopath.go:98.20,100.2 1 1
simonwaldherr.de/go/golibs/gopath/gopath.go:104.20,107.2 2 1
simonwaldherr.de/go/golibs/gopath/gopath.go:112.19,114.2 1 1
simonwaldherr.de/go/golibs/graphics/graphics.go:18.117,21.16 2 1
simonwaldherr.de/go/golibs/graphics/graphics.go:25.2,31.37 5 1
simonwaldherr.de/go/golibs/graphics/graphics.go:40.2,40.17 1 1
simonwaldherr.de/go/golibs/graphics/graphics.go:21.16,23.3 1 1
simonwaldherr.de/go/golibs/graphics/graphics.go:31.37,32.38 1 1
simonwaldherr.de/go/golibs/graphics/graphics.go:32.38,38.4 5 1
simonwaldherr.de/go/golibs/graphics/graphics.go:43.90,45.16 2 1
simonwaldherr.de/go/golibs/graphics/graphics.go:48.2,48.50 1 1
simonwaldherr.de/go/golibs/graphics/graphics.go:45.16,47.3 1 1
simonwaldherr.de/go/golibs/graphics/graphics.go:51.86,59.36 6 1
simonwaldherr.de/go/golibs/graphics/graphics.go:66.2,66.20 1 1
simonwaldherr.de/go/golibs/graphics/graphics.go:59.36,61.36 2 1
simonwaldherr.de/go/golibs/graphics/graphics.go:61.36,64.4 2 1
simonwaldherr.de/go/golibs/graphics/graphics.go:69.45,74.29 4 1
simonwaldherr.de/go/golibs/graphics/graphics.go:80.2,80.16 1 1
simonwaldherr.de/go/golibs/graphics/graphics.go:74.29,75.30 1 1
simonwaldherr.de/go/golibs/graphics/graphics.go:75.30,78.4 2 1
simonwaldherr.de/go/golibs/graphics/graphics.go:83.46,93.31 8 1
simonwaldherr.de/go/golibs/graphics/graphics.go:101.2,101.14 1 1
simonwaldherr.de/go/golibs/graphics/graphics.go:93.31,94.33 1 1
simonwaldherr.de/go/golibs/graphics/graphics.go:94.33,99.4 4 1
simonwaldherr.de/go/golibs/graphics/graphics.go:104.78,109.25 4 1
simonwaldherr.de/go/golibs/graphics/graphics.go:120.2,120.53 1 1
simonwaldherr.de/go/golibs/graphics/graphics.go:109.25,110.26 1 1
simonwaldherr.de/go/golibs/graphics/graphics.go:116.3,117.9 2 1
simonwaldherr.de/go/golibs/graphics/graphics.go:110.26,115.4 4 1
simonwaldherr.de/go/golibs/http/http.go:17.13,47.2 1 1
simonwaldherr.de/go/golibs/http/http.go:51.48,56.2 1 1
simonwaldherr.de/go/golibs/http/http.go:58.44,59.26 1 1
simonwaldherr.de/go/golibs/http/http.go:63.2,65.16 2 1
simonwaldherr.de/go/golibs/http/http.go:69.2,72.16 3 1
simonwaldherr.de/go/golibs/http/http.go:76.2,76.26 1 1
simonwaldherr.de/go/golibs/http/http.go:59.26,61.3 1 1
simonwaldherr.de/go/golibs/http/http.go:65.16,67.3 1 0
simonwaldherr.de/go/golibs/http/http.go:72.16,74.3 1 0
simonwaldherr.de/go/golibs/log/log.go:16.13,21.2 4 1
simonwaldherr.de/go/golibs/log/log.go:24.51,37.2 4 1
simonwaldherr.de/go/golibs/re/re.go:12.51,13.15 1 1
simonwaldherr.de/go/golibs/re/re.go:18.2,20.32 2 1
simonwaldherr.de/go/golibs/re/re.go:30.2,30.12 1 1
simonwaldherr.de/go/golibs/re/re.go:13.15,14.31 1 1
simonwaldherr.de/go/golibs/re/re.go:14.31,16.4 1 1
simonwaldherr.de/go/golibs/re/re.go:20.32,22.17 2 1
simonwaldherr.de/go/golibs/re/re.go:26.3,26.50 1 1
simonwaldherr.de/go/golibs/re/re.go:22.17,23.9 1 1
simonwaldherr.de/go/golibs/re/re.go:26.50,28.4 1 1
simonwaldherr.de/go/golibs/re/re.go:33.92,37.12 3 1
simonwaldherr.de/go/golibs/re/re.go:55.2,55.18 1 1
simonwaldherr.de/go/golibs/re/re.go:37.12,38.16 1 1
simonwaldherr.de/go/golibs/re/re.go:44.3,45.25 2 1
simonwaldherr.de/go/golibs/re/re.go:38.16,42.4 3 1
simonwaldherr.de/go/golibs/re/re.go:45.25,46.11 1 1
simonwaldherr.de/go/golibs/re/re.go:47.16,48.20 1 1
simonwaldherr.de/go/golibs/re/re.go:49.12,51.21 2 1
simonwaldherr.de/go/golibs/regex/regex.go:11.37,14.2 2 1
simonwaldherr.de/go/golibs/regex/regex.go:16.37,18.36 2 1
simonwaldherr.de/go/golibs/regex/regex.go:21.2,21.50 1 1
simonwaldherr.de/go/golibs/regex/regex.go:24.2,24.12 1 1
simonwaldherr.de/go/golibs/regex/regex.go:18.36,20.3 1 1
simonwaldherr.de/go/golibs/regex/regex.go:21.50,23.3 1 1
simonwaldherr.de/go/golibs/regex/regex.go:27.51,29.37 2 1
simonwaldherr.de/go/golibs/regex/regex.go:32.2,32.50 1 1
simonwaldherr.de/go/golibs/regex/regex.go:36.2,36.19 1 0
simonwaldherr.de/go/golibs/regex/regex.go:29.37,31.3 1 1
simonwaldherr.de/go/golibs/regex/regex.go:32.50,35.3 2 1
simonwaldherr.de/go/golibs/regex/regex.go:42.67,44.37 2 1
simonwaldherr.de/go/golibs/regex/regex.go:47.2,47.50 1 1
simonwaldherr.de/go/golibs/regex/regex.go:51.2,51.16 1 0
simonwaldherr.de/go/golibs/regex/regex.go:44.37,46.3 1 1
simonwaldherr.de/go/golibs/regex/regex.go:47.50,50.3 2 1
simonwaldherr.de/go/golibs/regex/regex.go:58.93,60.37 2 1
simonwaldherr.de/go/golibs/regex/regex.go:63.2,63.50 1 1
simonwaldherr.de/go/golibs/regex/regex.go:67.2,67.16 1 0
simonwaldherr.de/go/golibs/regex/regex.go:60.37,62.3 1 1
simonwaldherr.de/go/golibs/regex/regex.go:63.50,66.3 2 1
simonwaldherr.de/go/golibs/regex/regex.go:73.57,75.37 2 1
simonwaldherr.de/go/golibs/regex/regex.go:78.2,78.50 1 1
simonwaldherr.de/go/golibs/regex/regex.go:82.2,82.24 1 0
simonwaldherr.de/go/golibs/regex/regex.go:75.37,77.3 1 1
simonwaldherr.de/go/golibs/regex/regex.go:78.50,81.3 2 1
simonwaldherr.de/go/golibs/regex/regex.go:88.67,90.37 2 1
simonwaldherr.de/go/golibs/regex/regex.go:93.2,93.50 1 1
simonwaldherr.de/go/golibs/regex/regex.go:97.2,97.26 1 0
simonwaldherr.de/go/golibs/regex/regex.go:90.37,92.3 1 1
simonwaldherr.de/go/golibs/regex/regex.go:93.50,96.3 2 1
simonwaldherr.de/go/golibs/regex/regex.go:100.18,102.2 1 1
simonwaldherr.de/go/golibs/regex/regex.go:104.16,106.2 1 1
simonwaldherr.de/go/golibs/rss/rss.go:55.38,57.2 1 1
simonwaldherr.de/go/golibs/rss/rss.go:60.65,62.16 2 1
simonwaldherr.de/go/golibs/rss/rss.go:65.2,65.15 1 1
simonwaldherr.de/go/golibs/rss/rss.go:68.2,73.47 3 1
simonwaldherr.de/go/golibs/rss/rss.go:76.2,76.23 1 1
simonwaldherr.de/go/golibs/rss/rss.go:62.16,64.3 1 1
simonwaldherr.de/go/golibs/rss/rss.go:65.15,67.3 1 1
simonwaldherr.de/go/golibs/rss/rss.go:73.47,75.3 1 0
simonwaldherr.de/go/golibs/rss/rss.go:80.28,82.2 1 1
simonwaldherr.de/go/golibs/rss/rss.go:85.35,87.2 1 1
simonwaldherr.de/go/golibs/rss/rss.go:90.39,92.2 1 1
simonwaldherr.de/go/golibs/ssl/ssl.go:23.51,24.53 1 1
simonwaldherr.de/go/golibs/ssl/ssl.go:29.2,29.12 1 1
simonwaldherr.de/go/golibs/ssl/ssl.go:24.53,26.3 1 1
simonwaldherr.de/go/golibs/ssl/ssl.go:26.8,26.59 1 1
simonwaldherr.de/go/golibs/ssl/ssl.go:26.59,28.3 1 1
simonwaldherr.de/go/golibs/ssl/ssl.go:32.48,39.16 5 1
simonwaldherr.de/go/golibs/ssl/ssl.go:44.2,49.16 5 1
simonwaldherr.de/go/golibs/ssl/ssl.go:54.2,57.31 3 1
simonwaldherr.de/go/golibs/ssl/ssl.go:65.2,66.30 2 1
simonwaldherr.de/go/golibs/ssl/ssl.go:74.2,75.34 2 1
simonwaldherr.de/go/golibs/ssl/ssl.go:83.2,84.35 2 1
simonwaldherr.de/go/golibs/ssl/ssl.go:92.2,93.39 2 1
simonwaldherr.de/go/golibs/ssl/ssl.go:101.2,102.33 2 1
simonwaldherr.de/go/golibs/ssl/ssl.go:110.2,127.114 2 1
simonwaldherr.de/go/golibs/ssl/ssl.go:132.2,132.52 1 1
simonwaldherr.de/go/golibs/ssl/ssl.go:137.2,137.93 1 1
simonwaldherr.de/go/golibs/ssl/ssl.go:140.2,140.39 1 1
simonwaldherr.de/go/golibs/ssl/ssl.go:144.2,147.16 3 1
simonwaldherr.de/go/golibs/ssl/ssl.go:152.2,152.121 1 1
simonwaldherr.de/go/golibs/ssl/ssl.go:156.2,156.38 1 1
simonwaldherr.de/go/golibs/ssl/ssl.go:159.2,160.12 2 1
simonwaldherr.de/go/golibs/ssl/ssl.go:39.16,42.3 2 0
simonwaldherr.de/go/golibs/ssl/ssl.go:49.16,52.3 2 0
simonwaldherr.de/go/golibs/ssl/ssl.go:57.31,61.3 3 1
simonwaldherr.de/go/golibs/ssl/ssl.go:61.8,63.3 1 1
simonwaldherr.de/go/golibs/ssl/ssl.go:66.30,70.3 3 1
simonwaldherr.de/go/golibs/ssl/ssl.go:70.8,72.3 1 1
simonwaldherr.de/go/golibs/ssl/ssl.go:75.34,79.3 3 1
simonwaldherr.de/go/golibs/ssl/ssl.go:79.8,81.3 1 1
simonwaldherr.de/go/golibs/ssl/ssl.go:84.35,88.3 3 1
simonwaldherr.de/go/golibs/ssl/ssl.go:88.8,90.3 1 1
simonwaldherr.de/go/golibs/ssl/ssl.go:93.39,97.3 3 1
simonwaldherr.de/go/golibs/ssl/ssl.go:97.8,99.3 1 1
simonwaldherr.de/go/golibs/ssl/ssl.go:102.33,106.3 3 1
simonwaldherr.de/go/golibs/ssl/ssl.go:106.8,108.3 1 1
simonwaldherr.de/go/golibs/ssl/ssl.go:127.114,130.3 2 0
simonwaldherr.de/go/golibs/ssl/ssl.go:132.52,135.3 2 1
simonwaldherr.de/go/golibs/ssl/ssl.go:137.93,139.3 1 0
simonwaldherr.de/go/golibs/ssl/ssl.go:140.39,142.3 1 0
simonwaldherr.de/go/golibs/ssl/ssl.go:147.16,150.3 2 1
simonwaldherr.de/go/golibs/ssl/ssl.go:152.121,154.3 1 0
simonwaldherr.de/go/golibs/ssl/ssl.go:156.38,158.3 1 0
simonwaldherr.de/go/golibs/stack/stack.go:22.20,26.2 1 1
simonwaldherr.de/go/golibs/stack/stack.go:28.20,32.2 1 1
simonwaldherr.de/go/golibs/stack/stack.go:34.25,40.2 1 1
simonwaldherr.de/go/golibs/stack/stack.go:42.33,45.21 3 1
simonwaldherr.de/go/golibs/stack/stack.go:52.2,52.21 1 1
simonwaldherr.de/go/golibs/stack/stack.go:63.2,64.14 2 1
simonwaldherr.de/go/golibs/stack/stack.go:45.21,48.19 3 1
simonwaldherr.de/go/golibs/stack/stack.go:48.19,50.4 1 1
simonwaldherr.de/go/golibs/stack/stack.go:52.21,56.19 4 1
simonwaldherr.de/go/golibs/stack/stack.go:59.3,59.24 1 1
simonwaldherr.de/go/golibs/stack/stack.go:56.19,58.4 1 1
simonwaldherr.de/go/golibs/stack/stack.go:59.24,61.4 1 1
simonwaldherr.de/go/golibs/stack/stack.go:67.33,70.21 3 1
simonwaldherr.de/go/golibs/stack/stack.go:77.2,77.21 1 1
simonwaldherr.de/go/golibs/stack/stack.go:88.2,89.14 2 1
simonwaldherr.de/go/golibs/stack/stack.go:70.21,73.19 3 1
simonwaldherr.de/go/golibs/stack/stack.go:73.19,75.4 1 1
simonwaldherr.de/go/golibs/stack/stack.go:77.21,81.19 4 1
simonwaldherr.de/go/golibs/stack/stack.go:84.3,84.24 1 1
simonwaldherr.de/go/golibs/stack/stack.go:81.19,83.4 1 1
simonwaldherr.de/go/golibs/stack/stack.go:84.24,86.4 1 1
simonwaldherr.de/go/golibs/stack/stack.go:92.37,96.21 3 1
simonwaldherr.de/go/golibs/stack/stack.go:102.2,102.18 1 1
simonwaldherr.de/go/golibs/stack/stack.go:105.2,106.10 2 1
simonwaldherr.de/go/golibs/stack/stack.go:96.21,98.3 1 1
simonwaldherr.de/go/golibs/stack/stack.go:98.8,98.28 1 1
simonwaldherr.de/go/golibs/stack/stack.go:98.28,100.3 1 1
simonwaldherr.de/go/golibs/stack/stack.go:102.18,104.3 1 1
simonwaldherr.de/go/golibs/stack/stack.go:110.37,111.21 1 1
simonwaldherr.de/go/golibs/stack/stack.go:111.21,114.3 2 1
simonwaldherr.de/go/golibs/stack/stack.go:114.8,114.28 1 1
simonwaldherr.de/go/golibs/stack/stack.go:114.28,116.3 1 1
simonwaldherr.de/go/golibs/stack/stack.go:119.36,121.2 1 1
simonwaldherr.de/go/golibs/stack/stack.go:124.35,125.21 1 1
simonwaldherr.de/go/golibs/stack/stack.go:132.2,132.21 1 1
simonwaldherr.de/go/golibs/stack/stack.go:139.2,139.11 1 1
simonwaldherr.de/go/golibs/stack/stack.go:125.21,126.19 1 1
simonwaldherr.de/go/golibs/stack/stack.go:129.3,130.26 2 1
simonwaldherr.de/go/golibs/stack/stack.go:126.19,128.4 1 1
simonwaldherr.de/go/golibs/stack/stack.go:132.21,133.30 1 1
simonwaldherr.de/go/golibs/stack/stack.go:136.3,137.28 2 1
simonwaldherr.de/go/golibs/stack/stack.go:133.30,135.4 1 1
simonwaldherr.de/go/golibs/stack/stack.go:142.35,144.2 1 1
simonwaldherr.de/go/golibs/stack/stack.go:147.27,148.21 1 1
simonwaldherr.de/go/golibs/stack/stack.go:151.2,151.21 1 1
simonwaldherr.de/go/golibs/stack/stack.go:154.2,154.11 1 1
simonwaldherr.de/go/golibs/stack/stack.go:148.21,150.3 1 1
simonwaldherr.de/go/golibs/stack/stack.go:151.21,153.3 1 1
simonwaldherr.de/go/golibs/stack/stack.go:157.32,158.18 1 1
simonwaldherr.de/go/golibs/stack/stack.go:161.2,161.14 1 1
simonwaldherr.de/go/golibs/stack/stack.go:158.18,160.3 1 1
simonwaldherr.de/go/golibs/stack/stack.go:165.20,167.2 1 1
simonwaldherr.de/go/golibs/stack/stack.go:182.32,183.18 1 1
simonwaldherr.de/go/golibs/stack/stack.go:183.18,185.3 1 1
simonwaldherr.de/go/golibs/stack/stack.go:189.29,193.2 3 1
simonwaldherr.de/go/golibs/stack/stack.go:196.31,198.2 1 1
simonwaldherr.de/go/golibs/stack/stack.go:201.36,204.22 3 1
simonwaldherr.de/go/golibs/stack/stack.go:207.2,207.24 1 1
simonwaldherr.de/go/golibs/stack/stack.go:213.2,213.16 1 1
simonwaldherr.de/go/golibs/stack/stack.go:204.22,206.3 1 1
simonwaldherr.de/go/golibs/stack/stack.go:207.24,209.3 1 1
simonwaldherr.de/go/golibs/stack/stack.go:209.8,211.3 1 1
simonwaldherr.de/go/golibs/stack/stack.go:218.40,221.22 3 1
simonwaldherr.de/go/golibs/stack/stack.go:229.2,229.12 1 1
simonwaldherr.de/go/golibs/stack/stack.go:221.22,225.20 4 1
simonwaldherr.de/go/golibs/stack/stack.go:225.20,227.4 1 1
simonwaldherr.de/go/golibs/stack/stack.go:234.34,236.2 1 1
simonwaldherr.de/go/golibs/structs/structs.go:7.58,12.95 4 1
simonwaldherr.de/go/golibs/structs/structs.go:16.2,16.14 1 1
simonwaldherr.de/go/golibs/structs/structs.go:12.96,14.3 0 1
simonwaldherr.de/go/golibs/structs/structs.go:19.135,21.36 2 1
simonwaldherr.de/go/golibs/structs/structs.go:31.2,31.14 1 1
simonwaldherr.de/go/golibs/structs/structs.go:21.36,25.36 4 1
simonwaldherr.de/go/golibs/structs/structs.go:25.36,27.4 1 1
simonwaldherr.de/go/golibs/structs/structs.go:27.9,29.4 1 1
simonwaldherr.de/go/golibs/xmath/math.go:13.26,19.12 6 1
simonwaldherr.de/go/golibs/xmath/math.go:22.2,22.24 1 1
simonwaldherr.de/go/golibs/xmath/math.go:30.2,30.17 1 1
simonwaldherr.de/go/golibs/xmath/math.go:19.12,21.3 1 1
simonwaldherr.de/go/golibs/xmath/math.go:22.24,25.13 3 1
simonwaldherr.de/go/golibs/xmath/math.go:25.13,28.4 2 1
simonwaldherr.de/go/golibs/xmath/math.go:34.23,39.25 5 1
simonwaldherr.de/go/golibs/xmath/math.go:56.2,56.23 1 1
simonwaldherr.de/go/golibs/xmath/math.go:39.25,41.39 2 1
simonwaldherr.de/go/golibs/xmath/math.go:49.3,49.19 1 1
simonwaldherr.de/go/golibs/xmath/math.go:54.3,54.16 1 1
simonwaldherr.de/go/golibs/xmath/math.go:41.39,42.29 1 1
simonwaldherr.de/go/golibs/xmath/math.go:45.4,45.30 1 1
simonwaldherr.de/go/golibs/xmath/math.go:42.29,44.5 1 1
simonwaldherr.de/go/golibs/xmath/math.go:45.30,47.5 1 1
simonwaldherr.de/go/golibs/xmath/math.go:49.19,51.4 1 1
simonwaldherr.de/go/golibs/xmath/math.go:51.9,53.4 1 1
simonwaldherr.de/go/golibs/xmath/math.go:60.35,62.2 1 1
simonwaldherr.de/go/golibs/xmath/math.go:65.35,67.2 1 1
simonwaldherr.de/go/golibs/xmath/math.go:71.27,72.11 1 1
simonwaldherr.de/go/golibs/xmath/math.go:75.2,75.33 1 1
simonwaldherr.de/go/golibs/xmath/math.go:72.11,74.3 1 1
simonwaldherr.de/go/golibs/xmath/math.go:81.43,84.2 2 1
simonwaldherr.de/go/golibs/xmath/math.go:87.33,90.2 2 1
simonwaldherr.de/go/golibs/xmath/math.go:95.35,99.25 4 1
simonwaldherr.de/go/golibs/xmath/math.go:102.2,103.28 2 1
simonwaldherr.de/go/golibs/xmath/math.go:106.2,106.12 1 1
simonwaldherr.de/go/golibs/xmath/math.go:99.25,101.3 1 1
simonwaldherr.de/go/golibs/xmath/math.go:103.28,105.3 1 1
simonwaldherr.de/go/golibs/xmath/math.go:112.35,116.25 4 1
simonwaldherr.de/go/golibs/xmath/math.go:119.2,120.28 2 1
simonwaldherr.de/go/golibs/xmath/math.go:125.2,125.12 1 1
simonwaldherr.de/go/golibs/xmath/math.go:116.25,118.3 1 1
simonwaldherr.de/go/golibs/xmath/math.go:120.28,121.18 1 1
simonwaldherr.de/go/golibs/xmath/math.go:121.18,123.4 1 1
simonwaldherr.de/go/golibs/xmath/math.go:131.35,135.25 4 1
simonwaldherr.de/go/golibs/xmath/math.go:138.2,139.28 2 1
simonwaldherr.de/go/golibs/xmath/math.go:144.2,144.12 1 1
simonwaldherr.de/go/golibs/xmath/math.go:135.25,137.3 1 1
simonwaldherr.de/go/golibs/xmath/math.go:139.28,140.18 1 1
simonwaldherr.de/go/golibs/xmath/math.go:140.18,142.4 1 1
simonwaldherr.de/go/golibs/xmath/math.go:158.48,159.11 1 1
simonwaldherr.de/go/golibs/xmath/math.go:171.2,171.24 1 1
simonwaldherr.de/go/golibs/xmath/math.go:160.22,161.25 1 1
simonwaldherr.de/go/golibs/xmath/math.go:162.21,163.24 1 1
simonwaldherr.de/go/golibs/xmath/math.go:164.20,165.23 1 1
simonwaldherr.de/go/golibs/xmath/math.go:166.18,167.21 1 1
simonwaldherr.de/go/golibs/xmath/math.go:168.15,169.29 1 1
simonwaldherr.de/go/golibs/xmath/math.go:181.38,185.25 4 1
simonwaldherr.de/go/golibs/xmath/math.go:188.2,189.14 2 1
simonwaldherr.de/go/golibs/xmath/math.go:192.2,192.36 1 1
simonwaldherr.de/go/golibs/xmath/math.go:185.25,187.3 1 1
simonwaldherr.de/go/golibs/xmath/math.go:189.14,191.3 1 1
simonwaldherr.de/go/golibs/xmath/math.go:201.42,205.25 4 1
simonwaldherr.de/go/golibs/xmath/math.go:208.2,208.39 1 1
simonwaldherr.de/go/golibs/xmath/math.go:205.25,207.3 1 1
simonwaldherr.de/go/golibs/xmath/math.go:216.46,220.25 4 1
simonwaldherr.de/go/golibs/xmath/math.go:223.2,223.48 1 1
simonwaldherr.de/go/golibs/xmath/math.go:220.25,222.3 1 1
simonwaldherr.de/go/golibs/xmath/math.go:229.40,233.25 4 1
simonwaldherr.de/go/golibs/xmath/math.go:236.2,236.29 1 1
simonwaldherr.de/go/golibs/xmath/math.go:233.25,235.3 1 1
simonwaldherr.de/go/golibs/xmath/math.go:246.41,250.25 4 1
simonwaldherr.de/go/golibs/xmath/math.go:253.2,253.52 1 1
simonwaldherr.de/go/golibs/xmath/math.go:250.25,252.3 1 1
simonwaldherr.de/go/golibs/xmath/math.go:257.28,259.2 1 1
simonwaldherr.de/go/golibs/xmath/math.go:262.27,264.2 1 1
simonwaldherr.de/go/golibs/xtime/time.go:34.50,36.35 2 1
simonwaldherr.de/go/golibs/xtime/time.go:48.2,48.20 1 1
simonwaldherr.de/go/golibs/xtime/time.go:36.35,37.23 1 1
simonwaldherr.de/go/golibs/xtime/time.go:37.23,38.49 1 1
simonwaldherr.de/go/golibs/xtime/time.go:38.49,41.5 2 1
simonwaldherr.de/go/golibs/xtime/time.go:41.10,43.5 1 1
simonwaldherr.de/go/golibs/xtime/time.go:44.9,46.4 1 1
simonwaldherr.de/go/golibs/xtime/time.go:52.45,54.2 1 1
simonwaldherr.de/go/golibs/xtime/time.go:57.35,60.2 2 1
